<?xml version="1.0" encoding="UTF-8"?>
<!-- Generated by org.testng.reporters.JUnitXMLReporter -->
<testsuite hostname="Administrators-MacBook-Pro.local" ignored="0" name="Verify Amazon" tests="13" failures="1" timestamp="2022-02-10T21:20:57 GST" time="131.645" errors="0">
  <testcase name="Test1" time="5.528" classname="com.console.automation.AppiumTestNGFramework.Category"/>
  <testcase name="Test2" time="2.069" classname="com.console.automation.AppiumTestNGFramework.Category"/>
  <testcase name="Test3" time="7.716" classname="com.console.automation.AppiumTestNGFramework.Category"/>
  <testcase name="Test4" time="32.766" classname="com.console.automation.AppiumTestNGFramework.Category"/>
  <testcase name="Test5" time="3.001" classname="com.console.automation.AppiumTestNGFramework.Category"/>
  <testcase name="Test6" time="0.0" classname="com.console.automation.AppiumTestNGFramework.Category"/>
  <testcase name="Test1" time="8.312" classname="com.console.automation.AppiumTestNGFramework.PDP"/>
  <testcase name="Test2" time="10.004" classname="com.console.automation.AppiumTestNGFramework.PDP"/>
  <testcase name="Test3" time="4.403" classname="com.console.automation.AppiumTestNGFramework.PDP"/>
  <testcase name="Test4" time="1.254" classname="com.console.automation.AppiumTestNGFramework.PDP"/>
  <testcase name="Test5" time="0.0" classname="com.console.automation.AppiumTestNGFramework.PDP"/>
  <testcase name="Test6" time="23.935" classname="com.console.automation.AppiumTestNGFramework.PDP">
    <failure type="java.lang.AssertionError" message="expected [true] but found [false]">
      <![CDATA[java.lang.AssertionError: expected [true] but found [false]
at com.console.automation.AppiumTestNGFramework.PDP.Test6(PDP.java:59)
at java.util.ArrayList.forEach(ArrayList.java:1259)
... Removed 31 stack frames]]>
    </failure>
  </testcase> <!-- Test6 -->
  <testcase name="Test7" time="3.531" classname="com.console.automation.AppiumTestNGFramework.PDP"/>
</testsuite> <!-- Verify Amazon -->
