<?xml version="1.0" encoding="UTF-8"?>
<testng-results skipped="0" failed="1" ignored="0" total="13" passed="12">
  <reporter-output>
  </reporter-output>
  <suite name="Suite" duration-ms="131645" started-at="2022-02-10T21:18:45 GST" finished-at="2022-02-10T21:20:57 GST">
    <groups>
    </groups>
    <test name="Verify Amazon" duration-ms="131645" started-at="2022-02-10T21:18:45 GST" finished-at="2022-02-10T21:20:57 GST">
      <class name="com.console.automation.AppiumTestNGFramework.PDP">
        <test-method status="PASS" signature="initialize()[pri:0, instance:com.console.automation.AppiumTestNGFramework.PDP@6069db50]" name="initialize" is-config="true" duration-ms="13970" started-at="2022-02-10T21:19:51 GST" finished-at="2022-02-10T21:20:05 GST">
          <reporter-output>
          </reporter-output>
        </test-method> <!-- initialize -->
        <test-method status="PASS" signature="Test1()[pri:0, instance:com.console.automation.AppiumTestNGFramework.PDP@6069db50]" name="Test1" duration-ms="8312" started-at="2022-02-10T21:20:05 GST" description="Verify User goto home page" finished-at="2022-02-10T21:20:13 GST">
          <reporter-output>
          </reporter-output>
        </test-method> <!-- Test1 -->
        <test-method status="PASS" signature="Test2(java.lang.String)[pri:0, instance:com.console.automation.AppiumTestNGFramework.PDP@6069db50]" name="Test2" duration-ms="10004" started-at="2022-02-10T21:20:13 GST" description="Verify User Search for {string} and select first product" data-provider="getData" finished-at="2022-02-10T21:20:23 GST">
          <params>
            <param index="0">
              <value>
                <![CDATA[Apple]]>
              </value>
            </param>
          </params>
          <reporter-output>
          </reporter-output>
        </test-method> <!-- Test2 -->
        <test-method status="PASS" signature="Test3()[pri:0, instance:com.console.automation.AppiumTestNGFramework.PDP@6069db50]" name="Test3" duration-ms="4403" started-at="2022-02-10T21:20:23 GST" description="Verify User swipe the product images" finished-at="2022-02-10T21:20:28 GST">
          <reporter-output>
          </reporter-output>
        </test-method> <!-- Test3 -->
        <test-method status="PASS" signature="Test4()[pri:0, instance:com.console.automation.AppiumTestNGFramework.PDP@6069db50]" name="Test4" duration-ms="1254" started-at="2022-02-10T21:20:28 GST" description="Verify Price of product displayed" finished-at="2022-02-10T21:20:29 GST">
          <reporter-output>
          </reporter-output>
        </test-method> <!-- Test4 -->
        <test-method status="PASS" signature="Test5()[pri:0, instance:com.console.automation.AppiumTestNGFramework.PDP@6069db50]" name="Test5" duration-ms="0" started-at="2022-02-10T21:20:29 GST" description="Verify Payment Options are displayed" finished-at="2022-02-10T21:20:29 GST">
          <reporter-output>
          </reporter-output>
        </test-method> <!-- Test5 -->
        <test-method status="FAIL" signature="Test6()[pri:0, instance:com.console.automation.AppiumTestNGFramework.PDP@6069db50]" name="Test6" duration-ms="23935" started-at="2022-02-10T21:20:29 GST" description="Verify Product availability information is displayed" finished-at="2022-02-10T21:20:53 GST">
          <exception class="java.lang.AssertionError">
            <message>
              <![CDATA[expected [true] but found [false]]]>
            </message>
            <full-stacktrace>
              <![CDATA[java.lang.AssertionError: expected [true] but found [false]
at org.testng.Assert.fail(Assert.java:99)
at org.testng.Assert.failNotEquals(Assert.java:1037)
at org.testng.Assert.assertTrue(Assert.java:45)
at org.testng.Assert.assertTrue(Assert.java:55)
at com.console.automation.AppiumTestNGFramework.PDP.Test6(PDP.java:59)
at sun.reflect.NativeMethodAccessorImpl.invoke0(Native Method)
at sun.reflect.NativeMethodAccessorImpl.invoke(NativeMethodAccessorImpl.java:62)
at sun.reflect.DelegatingMethodAccessorImpl.invoke(DelegatingMethodAccessorImpl.java:43)
at java.lang.reflect.Method.invoke(Method.java:498)
at org.testng.internal.MethodInvocationHelper.invokeMethod(MethodInvocationHelper.java:133)
at org.testng.internal.TestInvoker.invokeMethod(TestInvoker.java:598)
at org.testng.internal.TestInvoker.invokeTestMethod(TestInvoker.java:173)
at org.testng.internal.MethodRunner.runInSequence(MethodRunner.java:46)
at org.testng.internal.TestInvoker$MethodInvocationAgent.invoke(TestInvoker.java:824)
at org.testng.internal.TestInvoker.invokeTestMethods(TestInvoker.java:146)
at org.testng.internal.TestMethodWorker.invokeTestMethods(TestMethodWorker.java:146)
at org.testng.internal.TestMethodWorker.run(TestMethodWorker.java:128)
at java.util.ArrayList.forEach(ArrayList.java:1259)
at org.testng.TestRunner.privateRun(TestRunner.java:794)
at org.testng.TestRunner.run(TestRunner.java:596)
at org.testng.SuiteRunner.runTest(SuiteRunner.java:377)
at org.testng.SuiteRunner.runSequentially(SuiteRunner.java:371)
at org.testng.SuiteRunner.privateRun(SuiteRunner.java:332)
at org.testng.SuiteRunner.run(SuiteRunner.java:276)
at org.testng.SuiteRunnerWorker.runSuite(SuiteRunnerWorker.java:53)
at org.testng.SuiteRunnerWorker.run(SuiteRunnerWorker.java:96)
at org.testng.TestNG.runSuitesSequentially(TestNG.java:1212)
at org.testng.TestNG.runSuitesLocally(TestNG.java:1134)
at org.testng.TestNG.runSuites(TestNG.java:1063)
at org.testng.TestNG.run(TestNG.java:1031)
at org.testng.remote.AbstractRemoteTestNG.run(AbstractRemoteTestNG.java:115)
at org.testng.remote.RemoteTestNG.initAndRun(RemoteTestNG.java:251)
at org.testng.remote.RemoteTestNG.main(RemoteTestNG.java:77)
]]>
            </full-stacktrace>
          </exception> <!-- java.lang.AssertionError -->
          <reporter-output>
          </reporter-output>
        </test-method> <!-- Test6 -->
        <test-method status="PASS" signature="Test7()[pri:0, instance:com.console.automation.AppiumTestNGFramework.PDP@6069db50]" name="Test7" duration-ms="3531" started-at="2022-02-10T21:20:53 GST" description="Verify Add to cart functionality works fine" finished-at="2022-02-10T21:20:57 GST">
          <reporter-output>
          </reporter-output>
        </test-method> <!-- Test7 -->
        <test-method status="PASS" signature="tearDown()[pri:0, instance:com.console.automation.AppiumTestNGFramework.PDP@6069db50]" name="tearDown" is-config="true" duration-ms="0" started-at="2022-02-10T21:20:57 GST" finished-at="2022-02-10T21:20:57 GST">
          <reporter-output>
          </reporter-output>
        </test-method> <!-- tearDown -->
      </class> <!-- com.console.automation.AppiumTestNGFramework.PDP -->
      <class name="com.console.automation.AppiumTestNGFramework.Category">
        <test-method status="PASS" signature="initialize()[pri:0, instance:com.console.automation.AppiumTestNGFramework.Category@1623b78d]" name="initialize" is-config="true" duration-ms="14595" started-at="2022-02-10T21:18:45 GST" finished-at="2022-02-10T21:19:00 GST">
          <reporter-output>
          </reporter-output>
        </test-method> <!-- initialize -->
        <test-method status="PASS" signature="Test1()[pri:0, instance:com.console.automation.AppiumTestNGFramework.Category@1623b78d]" name="Test1" duration-ms="5528" started-at="2022-02-10T21:19:00 GST" description="Verify User goto home page" finished-at="2022-02-10T21:19:05 GST">
          <reporter-output>
          </reporter-output>
        </test-method> <!-- Test1 -->
        <test-method status="PASS" signature="Test2()[pri:0, instance:com.console.automation.AppiumTestNGFramework.Category@1623b78d]" name="Test2" duration-ms="2069" started-at="2022-02-10T21:19:05 GST" description="Verify User selects shop by department from burger menu" finished-at="2022-02-10T21:19:07 GST">
          <reporter-output>
          </reporter-output>
        </test-method> <!-- Test2 -->
        <test-method status="PASS" signature="Test3()[pri:0, instance:com.console.automation.AppiumTestNGFramework.Category@1623b78d]" name="Test3" duration-ms="7716" started-at="2022-02-10T21:19:07 GST" description="Verify User choose category Electronics and sub category TV and Video" finished-at="2022-02-10T21:19:15 GST">
          <reporter-output>
          </reporter-output>
        </test-method> <!-- Test3 -->
        <test-method status="PASS" signature="Test4()[pri:0, instance:com.console.automation.AppiumTestNGFramework.Category@1623b78d]" name="Test4" duration-ms="32766" started-at="2022-02-10T21:19:15 GST" description="Verify User Filter with smart TV" finished-at="2022-02-10T21:19:48 GST">
          <reporter-output>
          </reporter-output>
        </test-method> <!-- Test4 -->
        <test-method status="PASS" signature="Test5()[pri:0, instance:com.console.automation.AppiumTestNGFramework.Category@1623b78d]" name="Test5" duration-ms="3001" started-at="2022-02-10T21:19:48 GST" description="Verify User clicks show results" finished-at="2022-02-10T21:19:51 GST">
          <reporter-output>
          </reporter-output>
        </test-method> <!-- Test5 -->
        <test-method status="PASS" signature="Test6()[pri:0, instance:com.console.automation.AppiumTestNGFramework.Category@1623b78d]" name="Test6" duration-ms="0" started-at="2022-02-10T21:19:51 GST" description="Verify Total number of results match the total displayed in filter" finished-at="2022-02-10T21:19:51 GST">
          <reporter-output>
          </reporter-output>
        </test-method> <!-- Test6 -->
        <test-method status="PASS" signature="tearDown()[pri:0, instance:com.console.automation.AppiumTestNGFramework.Category@1623b78d]" name="tearDown" is-config="true" duration-ms="0" started-at="2022-02-10T21:19:51 GST" finished-at="2022-02-10T21:19:51 GST">
          <reporter-output>
          </reporter-output>
        </test-method> <!-- tearDown -->
      </class> <!-- com.console.automation.AppiumTestNGFramework.Category -->
    </test> <!-- Verify Amazon -->
  </suite> <!-- Suite -->
</testng-results>
